<?xml version="1.0" encoding="UTF-8"?>
<!-- Generated by org.testng.reporters.JUnitReportReporter -->
<testsuite hostname="DESKTOP-PKMC2016" name="com.qtpselenium.core.hybrid.product.FilterMobileTest" tests="2" failures="0" timestamp="24 Feb 2017 15:40:48 GMT" time="100.961" errors="0">
  <testcase name="filterMobileTest" time="52.218" classname="com.qtpselenium.core.hybrid.product.FilterMobileTest"/>
  <testcase name="filterMobileTest" time="48.743" classname="com.qtpselenium.core.hybrid.product.FilterMobileTest"/>
</testsuite> <!-- com.qtpselenium.core.hybrid.product.FilterMobileTest -->
