<?xml version="1.0" encoding="UTF-8"?>
<!-- Generated by org.testng.reporters.JUnitReportReporter -->
<testsuite hostname="DESKTOP-PKMC2016" name="com.qtpselenium.core.hybrid.dbsuite.DBCreateLeadTest" tests="2" failures="0" timestamp="14 Mar 2017 22:11:41 GMT" time="37.860" errors="0">
  <testcase name="loginTest" time="18.866" classname="com.qtpselenium.core.hybrid.dbsuite.DBCreateLeadTest"/>
  <testcase name="loginTest" time="18.994" classname="com.qtpselenium.core.hybrid.dbsuite.DBCreateLeadTest"/>
</testsuite> <!-- com.qtpselenium.core.hybrid.dbsuite.DBCreateLeadTest -->
