<?xml version="1.0" encoding="UTF-8"?>
<!-- Generated by org.testng.reporters.JUnitReportReporter -->
<testsuite hostname="DESKTOP-PKMC2016" name="com.qtpselenium.core.hybrid.product.SearchAndBuyItemTest" tests="1" failures="1" timestamp="24 Feb 2017 15:40:48 GMT" time="40.260" errors="0">
  <testcase name="filterMobileTest" time="40.260" classname="com.qtpselenium.core.hybrid.product.SearchAndBuyItemTest">
    <failure type="java.lang.AssertionError" message="FAIL - Product not found">
      <![CDATA[java.lang.AssertionError: FAIL - Product not found
	at org.junit.Assert.fail(Assert.java:88)
	at com.qtpselenium.core.hybrid.Keywords.executeKeywords(Keywords.java:88)
	at com.qtpselenium.core.hybrid.product.SearchAndBuyItemTest.filterMobileTest(SearchAndBuyItemTest.java:37)
	at sun.reflect.NativeMethodAccessorImpl.invoke0(Native Method)
	at sun.reflect.NativeMethodAccessorImpl.invoke(NativeMethodAccessorImpl.java:62)
	at sun.reflect.DelegatingMethodAccessorImpl.invoke(DelegatingMethodAccessorImpl.java:43)
	at java.lang.reflect.Method.invoke(Method.java:498)
	at org.testng.internal.MethodInvocationHelper.invokeMethod(MethodInvocationHelper.java:85)
	at org.testng.internal.Invoker.invokeMethod(Invoker.java:639)
	at org.testng.internal.Invoker.invokeTestMethod(Invoker.java:816)
	at org.testng.internal.Invoker.invokeTestMethods(Invoker.java:1124)
	at org.testng.internal.TestMethodWorker.invokeTestMethods(TestMethodWorker.java:125)
	at org.testng.internal.TestMethodWorker.run(TestMethodWorker.java:108)
	at org.testng.TestRunner.privateRun(TestRunner.java:774)
	at org.testng.TestRunner.run(TestRunner.java:624)
	at org.testng.SuiteRunner.runTest(SuiteRunner.java:359)
	at org.testng.SuiteRunner.access$000(SuiteRunner.java:39)
	at org.testng.SuiteRunner$SuiteWorker.run(SuiteRunner.java:393)
	at org.testng.internal.thread.ThreadUtil$2.call(ThreadUtil.java:64)
	at java.util.concurrent.FutureTask.run(FutureTask.java:266)
	at java.util.concurrent.ThreadPoolExecutor.runWorker(ThreadPoolExecutor.java:1142)
	at java.util.concurrent.ThreadPoolExecutor$Worker.run(ThreadPoolExecutor.java:617)
	at java.lang.Thread.run(Thread.java:745)
]]>
    </failure>
  </testcase> <!-- filterMobileTest -->
</testsuite> <!-- com.qtpselenium.core.hybrid.product.SearchAndBuyItemTest -->
